# JRE version: OpenJDK Runtime Environment (8.0_242-b01) (build 1.8.0_242-release-1644-b01)
# Java VM: OpenJDK 64-Bit Server VM (25.242-b01 mixed mode windows-amd64 compressed oops)
Heap:
 PSYoungGen      total 455680K, used 419800K [0x00000000d5580000, 0x00000000f9880000, 0x0000000100000000)
  eden space 414720K, 97% used [0x00000000d5580000,0x00000000ee0b7fe8,0x00000000eea80000)
  from space 40960K, 36% used [0x00000000eea80000,0x00000000ef93e400,0x00000000f1280000)
  to   space 38400K, 0% used [0x00000000f7300000,0x00000000f7300000,0x00000000f9880000)
 ParOldGen       total 123904K, used 68721K [0x0000000080000000, 0x0000000087900000, 0x00000000d5580000)
  object space 123904K, 55% used [0x0000000080000000,0x000000008431c408,0x0000000087900000)
 Metaspace       used 92296K, capacity 96436K, committed 96600K, reserved 1132544K
  class space    used 11794K, capacity 12620K, committed 12672K, reserved 1048576K
GC Heap History (10 events):
Event: 1368.597 GC heap before
{Heap before GC invocations=29 (full 3):
 PSYoungGen      total 300544K, used 287181K [0x00000000d5580000, 0x00000000eeb00000, 0x0000000100000000)
  eden space 259584K, 100% used [0x00000000d5580000,0x00000000e5300000,0x00000000e5300000)
  from space 40960K, 67% used [0x00000000e5300000,0x00000000e6df3708,0x00000000e7b00000)
  to   space 42496K, 0% used [0x00000000ec180000,0x00000000ec180000,0x00000000eeb00000)
 ParOldGen       total 86528K, used 71980K [0x0000000080000000, 0x0000000085480000, 0x00000000d5580000)
  object space 86528K, 83% used [0x0000000080000000,0x000000008464b2f8,0x0000000085480000)
 Metaspace       used 89224K, capacity 93250K, committed 93400K, reserved 1130496K
  class space    used 11423K, capacity 12245K, committed 12288K, reserved 1048576K
Event: 1368.787 GC heap after
Heap after GC invocations=29 (full 3):
 PSYoungGen      total 371712K, used 5435K [0x00000000d5580000, 0x00000000eea80000, 0x0000000100000000)
  eden space 329728K, 0% used [0x00000000d5580000,0x00000000d5580000,0x00000000e9780000)
  from space 41984K, 12% used [0x00000000ec180000,0x00000000ec6cee50,0x00000000eea80000)
  to   space 42496K, 0% used [0x00000000e9780000,0x00000000e9780000,0x00000000ec100000)
 ParOldGen       total 89600K, used 89193K [0x0000000080000000, 0x0000000085780000, 0x00000000d5580000)
  object space 89600K, 99% used [0x0000000080000000,0x000000008571a7c0,0x0000000085780000)
 Metaspace       used 89224K, capacity 93250K, committed 93400K, reserved 1130496K
  class space    used 11423K, capacity 12245K, committed 12288K, reserved 1048576K
}
Event: 1368.787 GC heap before
{Heap before GC invocations=30 (full 4):
 PSYoungGen      total 371712K, used 5435K [0x00000000d5580000, 0x00000000eea80000, 0x0000000100000000)
  eden space 329728K, 0% used [0x00000000d5580000,0x00000000d5580000,0x00000000e9780000)
  from space 41984K, 12% used [0x00000000ec180000,0x00000000ec6cee50,0x00000000eea80000)
  to   space 42496K, 0% used [0x00000000e9780000,0x00000000e9780000,0x00000000ec100000)
 ParOldGen       total 89600K, used 89193K [0x0000000080000000, 0x0000000085780000, 0x00000000d5580000)
  object space 89600K, 99% used [0x0000000080000000,0x000000008571a7c0,0x0000000085780000)
 Metaspace       used 89224K, capacity 93250K, committed 93400K, reserved 1130496K
  class space    used 11423K, capacity 12245K, committed 12288K, reserved 1048576K
Event: 1370.779 GC heap after
Heap after GC invocations=30 (full 4):
 PSYoungGen      total 371712K, used 0K [0x00000000d5580000, 0x00000000eea80000, 0x0000000100000000)
  eden space 329728K, 0% used [0x00000000d5580000,0x00000000d5580000,0x00000000e9780000)
  from space 41984K, 0% used [0x00000000ec180000,0x00000000ec180000,0x00000000eea80000)
  to   space 42496K, 0% used [0x00000000e9780000,0x00000000e9780000,0x00000000ec100000)
 ParOldGen       total 123904K, used 63774K [0x0000000080000000, 0x0000000087900000, 0x00000000d5580000)
  object space 123904K, 51% used [0x0000000080000000,0x0000000083e47aa8,0x0000000087900000)
 Metaspace       used 89178K, capacity 93120K, committed 93400K, reserved 1130496K
  class space    used 11408K, capacity 12220K, committed 12288K, reserved 1048576K
}
Event: 1373.815 GC heap before
{Heap before GC invocations=31 (full 4):
 PSYoungGen      total 371712K, used 329728K [0x00000000d5580000, 0x00000000eea80000, 0x0000000100000000)
  eden space 329728K, 100% used [0x00000000d5580000,0x00000000e9780000,0x00000000e9780000)
  from space 41984K, 0% used [0x00000000ec180000,0x00000000ec180000,0x00000000eea80000)
  to   space 42496K, 0% used [0x00000000e9780000,0x00000000e9780000,0x00000000ec100000)
 ParOldGen       total 123904K, used 63774K [0x0000000080000000, 0x0000000087900000, 0x00000000d5580000)
  object space 123904K, 51% used [0x0000000080000000,0x0000000083e47aa8,0x0000000087900000)
 Metaspace       used 89181K, capacity 93120K, committed 93400K, reserved 1130496K
  class space    used 11409K, capacity 12220K, committed 12288K, reserved 1048576K
Event: 1373.857 GC heap after
Heap after GC invocations=31 (full 4):
 PSYoungGen      total 372224K, used 6524K [0x00000000d5580000, 0x00000000f3e80000, 0x0000000100000000)
  eden space 329728K, 0% used [0x00000000d5580000,0x00000000d5580000,0x00000000e9780000)
  from space 42496K, 15% used [0x00000000e9780000,0x00000000e9ddf038,0x00000000ec100000)
  to   space 41472K, 0% used [0x00000000f1600000,0x00000000f1600000,0x00000000f3e80000)
 ParOldGen       total 123904K, used 63774K [0x0000000080000000, 0x0000000087900000, 0x00000000d5580000)
  object space 123904K, 51% used [0x0000000080000000,0x0000000083e47aa8,0x0000000087900000)
 Metaspace       used 89181K, capacity 93120K, committed 93400K, reserved 1130496K
  class space    used 11409K, capacity 12220K, committed 12288K, reserved 1048576K
}
Event: 1435.138 GC heap before
{Heap before GC invocations=32 (full 4):
 PSYoungGen      total 372224K, used 336250K [0x00000000d5580000, 0x00000000f3e80000, 0x0000000100000000)
  eden space 329728K, 99% used [0x00000000d5580000,0x00000000e977fb40,0x00000000e9780000)
  from space 42496K, 15% used [0x00000000e9780000,0x00000000e9ddf038,0x00000000ec100000)
  to   space 41472K, 0% used [0x00000000f1600000,0x00000000f1600000,0x00000000f3e80000)
 ParOldGen       total 123904K, used 63774K [0x0000000080000000, 0x0000000087900000, 0x00000000d5580000)
  object space 123904K, 51% used [0x0000000080000000,0x0000000083e47aa8,0x0000000087900000)
 Metaspace       used 89309K, capacity 93314K, committed 93400K, reserved 1130496K
  class space    used 11430K, capacity 12269K, committed 12288K, reserved 1048576K
Event: 1435.184 GC heap after
Heap after GC invocations=32 (full 4):
 PSYoungGen      total 452096K, used 5778K [0x00000000d5580000, 0x00000000f3a80000, 0x0000000100000000)
  eden space 414720K, 0% used [0x00000000d5580000,0x00000000d5580000,0x00000000eea80000)
  from space 37376K, 15% used [0x00000000f1600000,0x00000000f1ba48d0,0x00000000f3a80000)
  to   space 40960K, 0% used [0x00000000eea80000,0x00000000eea80000,0x00000000f1280000)
 ParOldGen       total 123904K, used 63782K [0x0000000080000000, 0x0000000087900000, 0x00000000d5580000)
  object space 123904K, 51% used [0x0000000080000000,0x0000000083e49aa8,0x0000000087900000)
 Metaspace       used 89309K, capacity 93314K, committed 93400K, reserved 1130496K
  class space    used 11430K, capacity 12269K, committed 12288K, reserved 1048576K
}
Event: 1518.829 GC heap before
{Heap before GC invocations=33 (full 4):
 PSYoungGen      total 452096K, used 420498K [0x00000000d5580000, 0x00000000f3a80000, 0x0000000100000000)
  eden space 414720K, 100% used [0x00000000d5580000,0x00000000eea80000,0x00000000eea80000)
  from space 37376K, 15% used [0x00000000f1600000,0x00000000f1ba48d0,0x00000000f3a80000)
  to   space 40960K, 0% used [0x00000000eea80000,0x00000000eea80000,0x00000000f1280000)
 ParOldGen       total 123904K, used 63782K [0x0000000080000000, 0x0000000087900000, 0x00000000d5580000)
  object space 123904K, 51% used [0x0000000080000000,0x0000000083e49aa8,0x0000000087900000)
 Metaspace       used 90485K, capacity 94586K, committed 94936K, reserved 1132544K
  class space    used 11568K, capacity 12419K, committed 12544K, reserved 1048576K
Event: 1519.000 GC heap after
Heap after GC invocations=33 (full 4):
 PSYoungGen      total 455680K, used 15097K [0x00000000d5580000, 0x00000000f9880000, 0x0000000100000000)
  eden space 414720K, 0% used [0x00000000d5580000,0x00000000d5580000,0x00000000eea80000)
  from space 40960K, 36% used [0x00000000eea80000,0x00000000ef93e400,0x00000000f1280000)
  to   space 38400K, 0% used [0x00000000f7300000,0x00000000f7300000,0x00000000f9880000)
 ParOldGen       total 123904K, used 68721K [0x0000000080000000, 0x0000000087900000, 0x00000000d5580000)
  object space 123904K, 55% used [0x0000000080000000,0x000000008431c408,0x0000000087900000)
 Metaspace       used 90485K, capacity 94586K, committed 94936K, reserved 1132544K
  class space    used 11568K, capacity 12419K, committed 12544K, reserved 1048576K
}

